C:\USERS\NATHAN\DROPBOX\CSCI PROGRAMS\SHORTESTPATH_THREADED\SHORTESTPATH\DEBUG\CITYNODE.OBJ
C:\USERS\NATHAN\DROPBOX\CSCI PROGRAMS\SHORTESTPATH_THREADED\SHORTESTPATH\DEBUG\MAIN.OBJ
C:\USERS\NATHAN\DROPBOX\CSCI PROGRAMS\SHORTESTPATH_THREADED\SHORTESTPATH\DEBUG\NETWORK.OBJ
C:\USERS\NATHAN\DROPBOX\CSCI PROGRAMS\SHORTESTPATH_THREADED\SHORTESTPATH\DEBUG\ROADNODE.OBJ
C:\USERS\NATHAN\DROPBOX\CSCI PROGRAMS\SHORTESTPATH_THREADED\SHORTESTPATH\DEBUG\VC110.PDB
C:\Users\Nathan\Dropbox\CSCI Programs\shortestpath_threaded\shortestpath\Debug\citynode.obj
C:\Users\Nathan\Dropbox\CSCI Programs\shortestpath_threaded\shortestpath\Debug\main.obj
C:\Users\Nathan\Dropbox\CSCI Programs\shortestpath_threaded\shortestpath\Debug\network.obj
C:\Users\Nathan\Dropbox\CSCI Programs\shortestpath_threaded\shortestpath\Debug\roadnode.obj
C:\Users\Nathan\Dropbox\CSCI Programs\shortestpath_threaded\shortestpath\Debug\cl.command.1.tlog
C:\Users\Nathan\Dropbox\CSCI Programs\shortestpath_threaded\shortestpath\Debug\CL.read.1.tlog
C:\Users\Nathan\Dropbox\CSCI Programs\shortestpath_threaded\shortestpath\Debug\CL.write.1.tlog
C:\Users\Nathan\Dropbox\CSCI Programs\shortestpath_threaded\shortestpath\Debug\link-cvtres.read.1.tlog
C:\Users\Nathan\Dropbox\CSCI Programs\shortestpath_threaded\shortestpath\Debug\link-cvtres.write.1.tlog
C:\Users\Nathan\Dropbox\CSCI Programs\shortestpath_threaded\shortestpath\Debug\link-rc.read.1.tlog
C:\Users\Nathan\Dropbox\CSCI Programs\shortestpath_threaded\shortestpath\Debug\link-rc.write.1.tlog
C:\Users\Nathan\Dropbox\CSCI Programs\shortestpath_threaded\shortestpath\Debug\link.4132-cvtres.read.1.tlog
C:\Users\Nathan\Dropbox\CSCI Programs\shortestpath_threaded\shortestpath\Debug\link.4132-cvtres.write.1.tlog
C:\Users\Nathan\Dropbox\CSCI Programs\shortestpath_threaded\shortestpath\Debug\link.4132-rc.read.1.tlog
C:\Users\Nathan\Dropbox\CSCI Programs\shortestpath_threaded\shortestpath\Debug\link.4132-rc.write.1.tlog
C:\Users\Nathan\Dropbox\CSCI Programs\shortestpath_threaded\shortestpath\Debug\link.4132.read.1.tlog
C:\Users\Nathan\Dropbox\CSCI Programs\shortestpath_threaded\shortestpath\Debug\link.4132.write.1.tlog
C:\Users\Nathan\Dropbox\CSCI Programs\shortestpath_threaded\shortestpath\Debug\link.4408-cvtres.read.1.tlog
C:\Users\Nathan\Dropbox\CSCI Programs\shortestpath_threaded\shortestpath\Debug\link.4408-cvtres.write.1.tlog
C:\Users\Nathan\Dropbox\CSCI Programs\shortestpath_threaded\shortestpath\Debug\link.4408-rc.read.1.tlog
C:\Users\Nathan\Dropbox\CSCI Programs\shortestpath_threaded\shortestpath\Debug\link.4408-rc.write.1.tlog
C:\Users\Nathan\Dropbox\CSCI Programs\shortestpath_threaded\shortestpath\Debug\link.4408.read.1.tlog
C:\Users\Nathan\Dropbox\CSCI Programs\shortestpath_threaded\shortestpath\Debug\link.4408.write.1.tlog
C:\Users\Nathan\Dropbox\CSCI Programs\shortestpath_threaded\shortestpath\Debug\link.command.1.tlog
C:\Users\Nathan\Dropbox\CSCI Programs\shortestpath_threaded\shortestpath\Debug\link.read.1.tlog
C:\Users\Nathan\Dropbox\CSCI Programs\shortestpath_threaded\shortestpath\Debug\link.write.1.tlog
C:\Users\Nathan\Dropbox\CSCI Programs\shortestpath_threaded\shortestpath\Debug\vc110.idb
C:\Users\Nathan\Dropbox\CSCI Programs\shortestpath_threaded\shortestpath\Debug\vc110.pdb
C:\Users\Nathan\Dropbox\CSCI Programs\shortestpath_threaded\Debug\shortestpath_threaded.pdb
